<?xml version="1.0" encoding="UTF-8"?>
<!-- Generated by org.testng.reporters.JUnitReportReporter -->
<testsuite hostname="DESKTOP-0FB5CGT" failures="0" tests="7" name="demowebshop.LoginUi" time="65.685" errors="0" timestamp="2020-04-03T16:12:04 IST" skipped="0">
  <testcase classname="demowebshop.LoginUi" name="OpenBrowser" time="27.716"/>
  <system-out/>
  <testcase classname="demowebshop.LoginUi" name="Login" time="6.044"/>
  <system-out/>
  <testcase classname="demowebshop.LoginUi" name="Slect" time="11.320"/>
  <system-out/>
  <testcase classname="demowebshop.LoginUi" name="books" time="8.005"/>
  <system-out/>
  <testcase classname="demowebshop.LoginUi" name="ShoppingCart" time="9.186"/>
  <system-out/>
  <testcase classname="demowebshop.LoginUi" name="Wishlist" time="1.258"/>
  <system-out/>
  <testcase classname="demowebshop.LoginUi" name="Logout" time="2.156"/>
  <system-out/>
</testsuite> <!-- demowebshop.LoginUi -->
